a:6:{s:3:"row";i:1;s:7:"message";s:30:"Product imported successfully.";s:6:"status";b:1;s:10:"status_msg";s:7:"Success";s:7:"post_id";i:17;s:9:"post_link";a:2:{s:8:"edit_url";s:62:"http://localhost/ecs/wp-admin/post.php?post=17&amp;action=edit";s:5:"title";s:36:"K380 MULTI-DEVICE BLUETOOTH KEYBOARD";}}
a:6:{s:3:"row";i:2;s:7:"message";s:30:"Product imported successfully.";s:6:"status";b:1;s:10:"status_msg";s:7:"Success";s:7:"post_id";i:19;s:9:"post_link";a:2:{s:8:"edit_url";s:62:"http://localhost/ecs/wp-admin/post.php?post=19&amp;action=edit";s:5:"title";s:36:"K480 MULTI-DEVICE BLUETOOTH KEYBOARD";}}
a:6:{s:3:"row";i:3;s:7:"message";s:30:"Product imported successfully.";s:6:"status";b:1;s:10:"status_msg";s:7:"Success";s:7:"post_id";i:21;s:9:"post_link";a:2:{s:8:"edit_url";s:62:"http://localhost/ecs/wp-admin/post.php?post=21&amp;action=edit";s:5:"title";s:10:"LITRA GLOW";}}
a:6:{s:3:"row";i:4;s:7:"message";s:30:"Product imported successfully.";s:6:"status";b:1;s:10:"status_msg";s:7:"Success";s:7:"post_id";i:23;s:9:"post_link";a:2:{s:8:"edit_url";s:62:"http://localhost/ecs/wp-admin/post.php?post=23&amp;action=edit";s:5:"title";s:10:"LITRA BEAM";}}
a:6:{s:3:"row";i:5;s:7:"message";s:30:"Product imported successfully.";s:6:"status";b:1;s:10:"status_msg";s:7:"Success";s:7:"post_id";i:25;s:9:"post_link";a:2:{s:8:"edit_url";s:62:"http://localhost/ecs/wp-admin/post.php?post=25&amp;action=edit";s:5:"title";s:14:"SIGNATURE M650";}}
a:6:{s:3:"row";i:6;s:7:"message";s:30:"Product imported successfully.";s:6:"status";b:1;s:10:"status_msg";s:7:"Success";s:7:"post_id";i:27;s:9:"post_link";a:2:{s:8:"edit_url";s:62:"http://localhost/ecs/wp-admin/post.php?post=27&amp;action=edit";s:5:"title";s:4:"LIFT";}}
a:6:{s:3:"row";i:7;s:7:"message";s:30:"Product imported successfully.";s:6:"status";b:1;s:10:"status_msg";s:7:"Success";s:7:"post_id";i:29;s:9:"post_link";a:2:{s:8:"edit_url";s:62:"http://localhost/ecs/wp-admin/post.php?post=29&amp;action=edit";s:5:"title";s:25:"SILENT WIRELESS MICE M221";}}
a:6:{s:3:"row";i:8;s:7:"message";s:30:"Product imported successfully.";s:6:"status";b:1;s:10:"status_msg";s:7:"Success";s:7:"post_id";i:31;s:9:"post_link";a:2:{s:8:"edit_url";s:62:"http://localhost/ecs/wp-admin/post.php?post=31&amp;action=edit";s:5:"title";s:11:"PEBBLE M350";}}
a:6:{s:3:"row";i:9;s:7:"message";s:30:"Product imported successfully.";s:6:"status";b:1;s:10:"status_msg";s:7:"Success";s:7:"post_id";i:33;s:9:"post_link";a:2:{s:8:"edit_url";s:62:"http://localhost/ecs/wp-admin/post.php?post=33&amp;action=edit";s:5:"title";s:9:"POP MOUSE";}}
a:6:{s:3:"row";i:10;s:7:"message";s:30:"Product imported successfully.";s:6:"status";b:1;s:10:"status_msg";s:7:"Success";s:7:"post_id";i:35;s:9:"post_link";a:2:{s:8:"edit_url";s:62:"http://localhost/ecs/wp-admin/post.php?post=35&amp;action=edit";s:5:"title";s:19:"M325 WIRELESS MOUSE";}}
a:6:{s:3:"row";i:11;s:7:"message";s:30:"Product imported successfully.";s:6:"status";b:1;s:10:"status_msg";s:7:"Success";s:7:"post_id";i:37;s:9:"post_link";a:2:{s:8:"edit_url";s:62:"http://localhost/ecs/wp-admin/post.php?post=37&amp;action=edit";s:5:"title";s:17:"M585 MULTI-DEVICE";}}
a:6:{s:3:"row";i:12;s:7:"message";s:30:"Product imported successfully.";s:6:"status";b:1;s:10:"status_msg";s:7:"Success";s:7:"post_id";i:39;s:9:"post_link";a:2:{s:8:"edit_url";s:62:"http://localhost/ecs/wp-admin/post.php?post=39&amp;action=edit";s:5:"title";s:12:"MX MASTER 3S";}}
a:6:{s:3:"row";i:13;s:7:"message";s:30:"Product imported successfully.";s:6:"status";b:1;s:10:"status_msg";s:7:"Success";s:7:"post_id";i:41;s:9:"post_link";a:2:{s:8:"edit_url";s:62:"http://localhost/ecs/wp-admin/post.php?post=41&amp;action=edit";s:5:"title";s:28:"WIRELESS ULTRA PORTABLE M187";}}
a:6:{s:3:"row";i:14;s:7:"message";s:30:"Product imported successfully.";s:6:"status";b:1;s:10:"status_msg";s:7:"Success";s:7:"post_id";i:43;s:9:"post_link";a:2:{s:8:"edit_url";s:62:"http://localhost/ecs/wp-admin/post.php?post=43&amp;action=edit";s:5:"title";s:29:"M190 FULL-SIZE WIRELESS MOUSE";}}
a:6:{s:3:"row";i:15;s:7:"message";s:30:"Product imported successfully.";s:6:"status";b:1;s:10:"status_msg";s:7:"Success";s:7:"post_id";i:45;s:9:"post_link";a:2:{s:8:"edit_url";s:62:"http://localhost/ecs/wp-admin/post.php?post=45&amp;action=edit";s:5:"title";s:14:"M720 TRIATHLON";}}
a:6:{s:3:"row";i:16;s:7:"message";s:30:"Product imported successfully.";s:6:"status";b:1;s:10:"status_msg";s:7:"Success";s:7:"post_id";i:47;s:9:"post_link";a:2:{s:8:"edit_url";s:62:"http://localhost/ecs/wp-admin/post.php?post=47&amp;action=edit";s:5:"title";s:40:"LOGITECH MOUSE PAD &#8211; STUDIO SERIES";}}
a:6:{s:3:"row";i:17;s:7:"message";s:30:"Product imported successfully.";s:6:"status";b:1;s:10:"status_msg";s:7:"Success";s:7:"post_id";i:49;s:9:"post_link";a:2:{s:8:"edit_url";s:62:"http://localhost/ecs/wp-admin/post.php?post=49&amp;action=edit";s:5:"title";s:39:"LOGITECH DESK MAT &#8211; STUDIO SERIES";}}
a:6:{s:3:"row";i:18;s:7:"message";s:30:"Product imported successfully.";s:6:"status";b:1;s:10:"status_msg";s:7:"Success";s:7:"post_id";i:51;s:9:"post_link";a:2:{s:8:"edit_url";s:62:"http://localhost/ecs/wp-admin/post.php?post=51&amp;action=edit";s:5:"title";s:23:"LOGI USB-C TO A ADAPTOR";}}
a:6:{s:3:"row";i:19;s:7:"message";s:30:"Product imported successfully.";s:6:"status";b:1;s:10:"status_msg";s:7:"Success";s:7:"post_id";i:53;s:9:"post_link";a:2:{s:8:"edit_url";s:62:"http://localhost/ecs/wp-admin/post.php?post=53&amp;action=edit";s:5:"title";s:22:"LOGI BOLT USB RECEIVER";}}
a:6:{s:3:"row";i:20;s:7:"message";s:30:"Product imported successfully.";s:6:"status";b:1;s:10:"status_msg";s:7:"Success";s:7:"post_id";i:55;s:9:"post_link";a:2:{s:8:"edit_url";s:62:"http://localhost/ecs/wp-admin/post.php?post=55&amp;action=edit";s:5:"title";s:14:"ADVANCED MK545";}}
a:6:{s:3:"row";i:21;s:7:"message";s:30:"Product imported successfully.";s:6:"status";b:1;s:10:"status_msg";s:7:"Success";s:7:"post_id";i:57;s:9:"post_link";a:2:{s:8:"edit_url";s:62:"http://localhost/ecs/wp-admin/post.php?post=57&amp;action=edit";s:5:"title";s:27:"MK295 SILENT WIRELESS COMBO";}}
a:6:{s:3:"row";i:22;s:7:"message";s:30:"Product imported successfully.";s:6:"status";b:1;s:10:"status_msg";s:7:"Success";s:7:"post_id";i:59;s:9:"post_link";a:2:{s:8:"edit_url";s:62:"http://localhost/ecs/wp-admin/post.php?post=59&amp;action=edit";s:5:"title";s:47:"MK345 COMFORT WIRELESS KEYBOARD AND MOUSE COMBO";}}
a:6:{s:3:"row";i:23;s:7:"message";s:30:"Product imported successfully.";s:6:"status";b:1;s:10:"status_msg";s:7:"Success";s:7:"post_id";i:61;s:9:"post_link";a:2:{s:8:"edit_url";s:62:"http://localhost/ecs/wp-admin/post.php?post=61&amp;action=edit";s:5:"title";s:39:"MK235 WIRELESS KEYBOARD AND MOUSE COMBO";}}
a:6:{s:3:"row";i:24;s:7:"message";s:30:"Product imported successfully.";s:6:"status";b:1;s:10:"status_msg";s:7:"Success";s:7:"post_id";i:63;s:9:"post_link";a:2:{s:8:"edit_url";s:62:"http://localhost/ecs/wp-admin/post.php?post=63&amp;action=edit";s:5:"title";s:43:"MK200 MEDIA CORDED KEYBOARD AND MOUSE COMBO";}}
a:6:{s:3:"row";i:25;s:7:"message";s:30:"Product imported successfully.";s:6:"status";b:1;s:10:"status_msg";s:7:"Success";s:7:"post_id";i:65;s:9:"post_link";a:2:{s:8:"edit_url";s:62:"http://localhost/ecs/wp-admin/post.php?post=65&amp;action=edit";s:5:"title";s:13:"ZONE VIBE 100";}}
a:6:{s:3:"row";i:26;s:7:"message";s:30:"Product imported successfully.";s:6:"status";b:1;s:10:"status_msg";s:7:"Success";s:7:"post_id";i:67;s:9:"post_link";a:2:{s:8:"edit_url";s:62:"http://localhost/ecs/wp-admin/post.php?post=67&amp;action=edit";s:5:"title";s:25:"H390 USB COMPUTER HEADSET";}}
a:6:{s:3:"row";i:27;s:7:"message";s:30:"Product imported successfully.";s:6:"status";b:1;s:10:"status_msg";s:7:"Success";s:7:"post_id";i:69;s:9:"post_link";a:2:{s:8:"edit_url";s:62:"http://localhost/ecs/wp-admin/post.php?post=69&amp;action=edit";s:5:"title";s:31:"COMPUTER SPEAKER BLUETOOTH Z407";}}
a:6:{s:3:"row";i:28;s:7:"message";s:30:"Product imported successfully.";s:6:"status";b:1;s:10:"status_msg";s:7:"Success";s:7:"post_id";i:71;s:9:"post_link";a:2:{s:8:"edit_url";s:62:"http://localhost/ecs/wp-admin/post.php?post=71&amp;action=edit";s:5:"title";s:38:"Z607 5.1 SURROUND SOUND SPEAKER SYSTEM";}}
a:6:{s:3:"row";i:29;s:7:"message";s:30:"Product imported successfully.";s:6:"status";b:1;s:10:"status_msg";s:7:"Success";s:7:"post_id";i:73;s:9:"post_link";a:2:{s:8:"edit_url";s:62:"http://localhost/ecs/wp-admin/post.php?post=73&amp;action=edit";s:5:"title";s:26:"MX MECHANICAL MINI FOR MAC";}}
a:6:{s:3:"row";i:30;s:7:"message";s:30:"Product imported successfully.";s:6:"status";b:1;s:10:"status_msg";s:7:"Success";s:7:"post_id";i:75;s:9:"post_link";a:2:{s:8:"edit_url";s:62:"http://localhost/ecs/wp-admin/post.php?post=75&amp;action=edit";s:5:"title";s:14:"SIGNATURE K650";}}
a:6:{s:3:"row";i:31;s:7:"message";s:30:"Product imported successfully.";s:6:"status";b:1;s:10:"status_msg";s:7:"Success";s:7:"post_id";i:77;s:9:"post_link";a:2:{s:8:"edit_url";s:62:"http://localhost/ecs/wp-admin/post.php?post=77&amp;action=edit";s:5:"title";s:13:"MX MECHANICAL";}}
a:6:{s:3:"row";i:32;s:7:"message";s:30:"Product imported successfully.";s:6:"status";b:1;s:10:"status_msg";s:7:"Success";s:7:"post_id";i:79;s:9:"post_link";a:2:{s:8:"edit_url";s:62:"http://localhost/ecs/wp-admin/post.php?post=79&amp;action=edit";s:5:"title";s:36:"K480 BLUETOOTH MULTI-DEVICE KEYBOARD";}}
a:6:{s:3:"row";i:33;s:7:"message";s:30:"Product imported successfully.";s:6:"status";b:1;s:10:"status_msg";s:7:"Success";s:7:"post_id";i:80;s:9:"post_link";a:2:{s:8:"edit_url";s:62:"http://localhost/ecs/wp-admin/post.php?post=80&amp;action=edit";s:5:"title";s:36:"K380 MULTI-DEVICE BLUETOOTH KEYBOARD";}}
a:6:{s:3:"row";i:34;s:7:"message";s:30:"Product imported successfully.";s:6:"status";b:1;s:10:"status_msg";s:7:"Success";s:7:"post_id";i:81;s:9:"post_link";a:2:{s:8:"edit_url";s:62:"http://localhost/ecs/wp-admin/post.php?post=81&amp;action=edit";s:5:"title";s:15:"MX KEYS FOR MAC";}}
a:6:{s:3:"row";i:35;s:7:"message";s:30:"Product imported successfully.";s:6:"status";b:1;s:10:"status_msg";s:7:"Success";s:7:"post_id";i:83;s:9:"post_link";a:2:{s:8:"edit_url";s:62:"http://localhost/ecs/wp-admin/post.php?post=83&amp;action=edit";s:5:"title";s:10:"KEYS-TO-GO";}}
a:6:{s:3:"row";i:36;s:7:"message";s:30:"Product imported successfully.";s:6:"status";b:1;s:10:"status_msg";s:7:"Success";s:7:"post_id";i:85;s:9:"post_link";a:2:{s:8:"edit_url";s:62:"http://localhost/ecs/wp-admin/post.php?post=85&amp;action=edit";s:5:"title";s:7:"MX KEYS";}}
a:6:{s:3:"row";i:37;s:7:"message";s:30:"Product imported successfully.";s:6:"status";b:1;s:10:"status_msg";s:7:"Success";s:7:"post_id";i:86;s:9:"post_link";a:2:{s:8:"edit_url";s:62:"http://localhost/ecs/wp-admin/post.php?post=86&amp;action=edit";s:5:"title";s:22:"WIRELESS KEYBOARD K350";}}
a:6:{s:3:"row";i:38;s:7:"message";s:30:"Product imported successfully.";s:6:"status";b:1;s:10:"status_msg";s:7:"Success";s:7:"post_id";i:88;s:9:"post_link";a:2:{s:8:"edit_url";s:62:"http://localhost/ecs/wp-admin/post.php?post=88&amp;action=edit";s:5:"title";s:9:"ERGO K860";}}
a:6:{s:3:"row";i:39;s:7:"message";s:30:"Product imported successfully.";s:6:"status";b:1;s:10:"status_msg";s:7:"Success";s:7:"post_id";i:90;s:9:"post_link";a:2:{s:8:"edit_url";s:62:"http://localhost/ecs/wp-admin/post.php?post=90&amp;action=edit";s:5:"title";s:57:"K580 SLIM MULTI-DEVICE WIRELESS KEYBOARD CHROMEOS EDITION";}}
a:6:{s:3:"row";i:40;s:7:"message";s:30:"Product imported successfully.";s:6:"status";b:1;s:10:"status_msg";s:7:"Success";s:7:"post_id";i:92;s:9:"post_link";a:2:{s:8:"edit_url";s:62:"http://localhost/ecs/wp-admin/post.php?post=92&amp;action=edit";s:5:"title";s:27:"K845 MECHANICAL ILLUMINATED";}}
a:6:{s:3:"row";i:41;s:7:"message";s:30:"Product imported successfully.";s:6:"status";b:1;s:10:"status_msg";s:7:"Success";s:7:"post_id";i:94;s:9:"post_link";a:2:{s:8:"edit_url";s:62:"http://localhost/ecs/wp-admin/post.php?post=94&amp;action=edit";s:5:"title";s:16:"K600 TV KEYBOARD";}}
a:6:{s:3:"row";i:42;s:7:"message";s:30:"Product imported successfully.";s:6:"status";b:1;s:10:"status_msg";s:7:"Success";s:7:"post_id";i:96;s:9:"post_link";a:2:{s:8:"edit_url";s:62:"http://localhost/ecs/wp-admin/post.php?post=96&amp;action=edit";s:5:"title";s:14:"LOGITECH CRAFT";}}
a:6:{s:3:"row";i:43;s:7:"message";s:30:"Product imported successfully.";s:6:"status";b:1;s:10:"status_msg";s:7:"Success";s:7:"post_id";i:98;s:9:"post_link";a:2:{s:8:"edit_url";s:62:"http://localhost/ecs/wp-admin/post.php?post=98&amp;action=edit";s:5:"title";s:13:"KEYBOARD K120";}}
a:6:{s:3:"row";i:44;s:7:"message";s:30:"Product imported successfully.";s:6:"status";b:1;s:10:"status_msg";s:7:"Success";s:7:"post_id";i:100;s:9:"post_link";a:2:{s:8:"edit_url";s:63:"http://localhost/ecs/wp-admin/post.php?post=100&amp;action=edit";s:5:"title";s:8:"BRIO 500";}}
a:6:{s:3:"row";i:45;s:7:"message";s:30:"Product imported successfully.";s:6:"status";b:1;s:10:"status_msg";s:7:"Success";s:7:"post_id";i:102;s:9:"post_link";a:2:{s:8:"edit_url";s:63:"http://localhost/ecs/wp-admin/post.php?post=102&amp;action=edit";s:5:"title";s:19:"C930s PRO HD WEBCAM";}}
a:6:{s:3:"row";i:46;s:7:"message";s:30:"Product imported successfully.";s:6:"status";b:1;s:10:"status_msg";s:7:"Success";s:7:"post_id";i:104;s:9:"post_link";a:2:{s:8:"edit_url";s:63:"http://localhost/ecs/wp-admin/post.php?post=104&amp;action=edit";s:5:"title";s:18:"LOGITECH STREAMCAM";}}
a:6:{s:3:"row";i:47;s:7:"message";s:30:"Product imported successfully.";s:6:"status";b:1;s:10:"status_msg";s:7:"Success";s:7:"post_id";i:106;s:9:"post_link";a:2:{s:8:"edit_url";s:63:"http://localhost/ecs/wp-admin/post.php?post=106&amp;action=edit";s:5:"title";s:20:"LOGITECH BRIO STREAM";}}
a:6:{s:3:"row";i:48;s:7:"message";s:30:"Product imported successfully.";s:6:"status";b:1;s:10:"status_msg";s:7:"Success";s:7:"post_id";i:108;s:9:"post_link";a:2:{s:8:"edit_url";s:63:"http://localhost/ecs/wp-admin/post.php?post=108&amp;action=edit";s:5:"title";s:14:"C310 HD WEBCAM";}}
a:6:{s:3:"row";i:49;s:7:"message";s:30:"Product imported successfully.";s:6:"status";b:1;s:10:"status_msg";s:7:"Success";s:7:"post_id";i:110;s:9:"post_link";a:2:{s:8:"edit_url";s:63:"http://localhost/ecs/wp-admin/post.php?post=110&amp;action=edit";s:5:"title";s:22:"K360 WIRELESS KEYBOARD";}}
a:6:{s:3:"row";i:50;s:7:"message";s:30:"Product imported successfully.";s:6:"status";b:1;s:10:"status_msg";s:7:"Success";s:7:"post_id";i:112;s:9:"post_link";a:2:{s:8:"edit_url";s:63:"http://localhost/ecs/wp-admin/post.php?post=112&amp;action=edit";s:5:"title";s:28:"K750 WIRELESS SOLAR KEYBOARD";}}
a:6:{s:3:"row";i:51;s:7:"message";s:30:"Product imported successfully.";s:6:"status";b:1;s:10:"status_msg";s:7:"Success";s:7:"post_id";i:114;s:9:"post_link";a:2:{s:8:"edit_url";s:63:"http://localhost/ecs/wp-admin/post.php?post=114&amp;action=edit";s:5:"title";s:21:"USB UNIFYING RECEIVER";}}
a:6:{s:3:"row";i:52;s:7:"message";s:30:"Product imported successfully.";s:6:"status";b:1;s:10:"status_msg";s:7:"Success";s:7:"post_id";i:116;s:9:"post_link";a:2:{s:8:"edit_url";s:63:"http://localhost/ecs/wp-admin/post.php?post=116&amp;action=edit";s:5:"title";s:4:"G715";}}
a:6:{s:3:"row";i:53;s:7:"message";s:30:"Product imported successfully.";s:6:"status";b:1;s:10:"status_msg";s:7:"Success";s:7:"post_id";i:118;s:9:"post_link";a:2:{s:8:"edit_url";s:63:"http://localhost/ecs/wp-admin/post.php?post=118&amp;action=edit";s:5:"title";s:4:"G735";}}
a:6:{s:3:"row";i:54;s:7:"message";s:30:"Product imported successfully.";s:6:"status";b:1;s:10:"status_msg";s:7:"Success";s:7:"post_id";i:120;s:9:"post_link";a:2:{s:8:"edit_url";s:63:"http://localhost/ecs/wp-admin/post.php?post=120&amp;action=edit";s:5:"title";s:4:"G705";}}
a:6:{s:3:"row";i:55;s:7:"message";s:30:"Product imported successfully.";s:6:"status";b:1;s:10:"status_msg";s:7:"Success";s:7:"post_id";i:122;s:9:"post_link";a:2:{s:8:"edit_url";s:63:"http://localhost/ecs/wp-admin/post.php?post=122&amp;action=edit";s:5:"title";s:6:"Aurora";}}
a:6:{s:3:"row";i:56;s:7:"message";s:30:"Product imported successfully.";s:6:"status";b:1;s:10:"status_msg";s:7:"Success";s:7:"post_id";i:124;s:9:"post_link";a:2:{s:8:"edit_url";s:63:"http://localhost/ecs/wp-admin/post.php?post=124&amp;action=edit";s:5:"title";s:60:"Logitech G PRO Mechanical Keyboard League of Legends Edition";}}
a:6:{s:3:"row";i:57;s:7:"message";s:30:"Product imported successfully.";s:6:"status";b:1;s:10:"status_msg";s:7:"Success";s:7:"post_id";i:126;s:9:"post_link";a:2:{s:8:"edit_url";s:63:"http://localhost/ecs/wp-admin/post.php?post=126&amp;action=edit";s:5:"title";s:57:"Logitech G PRO X Gaming Headset League of Legends Edition";}}
a:6:{s:3:"row";i:58;s:7:"message";s:30:"Product imported successfully.";s:6:"status";b:1;s:10:"status_msg";s:7:"Success";s:7:"post_id";i:128;s:9:"post_link";a:2:{s:8:"edit_url";s:63:"http://localhost/ecs/wp-admin/post.php?post=128&amp;action=edit";s:5:"title";s:62:"Logitech G PRO Wireless Gaming Mouse League of Legends Edition";}}
a:6:{s:3:"row";i:59;s:7:"message";s:30:"Product imported successfully.";s:6:"status";b:1;s:10:"status_msg";s:7:"Success";s:7:"post_id";i:130;s:9:"post_link";a:2:{s:8:"edit_url";s:63:"http://localhost/ecs/wp-admin/post.php?post=130&amp;action=edit";s:5:"title";s:25:"League of Legends Edition";}}
