12-23-2022 @ 13:59:18 - ---[ New import started at 2022-12-23 13:59:18 ] PHP Memory: 512 MB, WP Memory: 40 MB
12-23-2022 @ 13:59:18 - Preparing for import.
12-23-2022 @ 13:59:18 - Row :1 - Parsing item.
12-23-2022 @ 13:59:19 - Importing as new product ID:17
12-23-2022 @ 13:59:19 - Row :1 - Processing item.
12-23-2022 @ 13:59:19 - Found simple product object. ID:17
12-23-2022 @ 13:59:19 - Setting Featured Image. URL:http://localhost/ecs/wp-includes/images/import/k380-lavender-gallery-1-us.png
12-23-2022 @ 13:59:19 - Attachment ID:18
12-23-2022 @ 13:59:20 - Row :1 - Product imported successfully.
12-23-2022 @ 13:59:20 - Row :2 - Parsing item.
12-23-2022 @ 13:59:20 - Importing as new product ID:19
12-23-2022 @ 13:59:20 - Row :2 - Processing item.
12-23-2022 @ 13:59:20 - Found simple product object. ID:19
12-23-2022 @ 13:59:20 - Setting Featured Image. URL:http://localhost/ecs/wp-includes/images/import/k480-gallery-white-1-new.png
12-23-2022 @ 13:59:20 - Attachment ID:20
12-23-2022 @ 13:59:20 - Row :2 - Product imported successfully.
12-23-2022 @ 13:59:20 - Row :3 - Parsing item.
12-23-2022 @ 13:59:21 - Importing as new product ID:21
12-23-2022 @ 13:59:21 - Row :3 - Processing item.
12-23-2022 @ 13:59:21 - Found simple product object. ID:21
12-23-2022 @ 13:59:21 - Setting Featured Image. URL:http://localhost/ecs/wp-includes/images/import/litra-glow-streaming-light-back-view-graphite.png
12-23-2022 @ 13:59:21 - Attachment ID:22
12-23-2022 @ 13:59:21 - Row :3 - Product imported successfully.
12-23-2022 @ 13:59:21 - Row :4 - Parsing item.
12-23-2022 @ 13:59:21 - Importing as new product ID:23
12-23-2022 @ 13:59:21 - Row :4 - Processing item.
12-23-2022 @ 13:59:21 - Found simple product object. ID:23
12-23-2022 @ 13:59:21 - Setting Featured Image. URL:http://localhost/ecs/wp-includes/images/import/litra-beam-lighting-front-view-graphite.png
12-23-2022 @ 13:59:22 - Attachment ID:24
12-23-2022 @ 13:59:22 - Row :4 - Product imported successfully.
12-23-2022 @ 13:59:22 - Row :5 - Parsing item.
12-23-2022 @ 13:59:22 - Importing as new product ID:25
12-23-2022 @ 13:59:22 - Row :5 - Processing item.
12-23-2022 @ 13:59:22 - Found simple product object. ID:25
12-23-2022 @ 13:59:22 - Setting Featured Image. URL:http://localhost/ecs/wp-includes/images/import/SIGNATURE-M650.png
12-23-2022 @ 13:59:23 - Attachment ID:26
12-23-2022 @ 13:59:23 - Row :5 - Product imported successfully.
12-23-2022 @ 13:59:23 - Row :6 - Parsing item.
12-23-2022 @ 13:59:23 - Importing as new product ID:27
12-23-2022 @ 13:59:23 - Row :6 - Processing item.
12-23-2022 @ 13:59:23 - Found simple product object. ID:27
12-23-2022 @ 13:59:23 - Setting Featured Image. URL:http://localhost/ecs/wp-includes/images/import/LIFT.png
12-23-2022 @ 13:59:24 - Attachment ID:28
12-23-2022 @ 13:59:24 - Row :6 - Product imported successfully.
12-23-2022 @ 13:59:24 - Row :7 - Parsing item.
12-23-2022 @ 13:59:24 - Importing as new product ID:29
12-23-2022 @ 13:59:24 - Row :7 - Processing item.
12-23-2022 @ 13:59:24 - Found simple product object. ID:29
12-23-2022 @ 13:59:24 - Setting Featured Image. URL:http://localhost/ecs/wp-includes/images/import/SILENT-WIRELESS-MICE-M221.png
12-23-2022 @ 13:59:25 - Attachment ID:30
12-23-2022 @ 13:59:25 - Row :7 - Product imported successfully.
12-23-2022 @ 13:59:25 - Row :8 - Parsing item.
12-23-2022 @ 13:59:25 - Importing as new product ID:31
12-23-2022 @ 13:59:25 - Row :8 - Processing item.
12-23-2022 @ 13:59:25 - Found simple product object. ID:31
12-23-2022 @ 13:59:25 - Setting Featured Image. URL:http://localhost/ecs/wp-includes/images/import/PEBBLE-M350.png
12-23-2022 @ 13:59:25 - Attachment ID:32
12-23-2022 @ 13:59:27 - Row :8 - Product imported successfully.
12-23-2022 @ 13:59:27 - Row :9 - Parsing item.
12-23-2022 @ 13:59:27 - Importing as new product ID:33
12-23-2022 @ 13:59:27 - Row :9 - Processing item.
12-23-2022 @ 13:59:27 - Found simple product object. ID:33
12-23-2022 @ 13:59:27 - Setting Featured Image. URL:http://localhost/ecs/wp-includes/images/import/POP-MOUSE.png
12-23-2022 @ 13:59:27 - Attachment ID:34
12-23-2022 @ 13:59:28 - Row :9 - Product imported successfully.
12-23-2022 @ 13:59:28 - Row :10 - Parsing item.
12-23-2022 @ 13:59:28 - Importing as new product ID:35
12-23-2022 @ 13:59:28 - Row :10 - Processing item.
12-23-2022 @ 13:59:28 - Found simple product object. ID:35
12-23-2022 @ 13:59:28 - Setting Featured Image. URL:http://localhost/ecs/wp-includes/images/import/m325-dark-grey-gallery-1.png
12-23-2022 @ 13:59:28 - Attachment ID:36
12-23-2022 @ 13:59:29 - Row :10 - Product imported successfully.
12-23-2022 @ 13:59:32 - Preparing for import.
12-23-2022 @ 13:59:32 - Row :11 - Parsing item.
12-23-2022 @ 13:59:32 - Importing as new product ID:37
12-23-2022 @ 13:59:32 - Row :11 - Processing item.
12-23-2022 @ 13:59:32 - Found simple product object. ID:37
12-23-2022 @ 13:59:32 - Setting Featured Image. URL:http://localhost/ecs/wp-includes/images/import/m585-gallery-graphite-1.png
12-23-2022 @ 13:59:33 - Attachment ID:38
12-23-2022 @ 13:59:34 - Row :11 - Product imported successfully.
12-23-2022 @ 13:59:34 - Row :12 - Parsing item.
12-23-2022 @ 13:59:34 - Importing as new product ID:39
12-23-2022 @ 13:59:34 - Row :12 - Processing item.
12-23-2022 @ 13:59:34 - Found simple product object. ID:39
12-23-2022 @ 13:59:34 - Setting Featured Image. URL:http://localhost/ecs/wp-includes/images/import/mx-master-3s-mouse-top-view-graphite.png
12-23-2022 @ 13:59:34 - Attachment ID:40
12-23-2022 @ 13:59:35 - Row :12 - Product imported successfully.
12-23-2022 @ 13:59:35 - Row :13 - Parsing item.
12-23-2022 @ 13:59:35 - Importing as new product ID:41
12-23-2022 @ 13:59:35 - Row :13 - Processing item.
12-23-2022 @ 13:59:35 - Found simple product object. ID:41
12-23-2022 @ 13:59:35 - Setting Featured Image. URL:http://localhost/ecs/wp-includes/images/import/m187-gallery-black-1-new.png
12-23-2022 @ 13:59:35 - Attachment ID:42
12-23-2022 @ 13:59:35 - Row :13 - Product imported successfully.
12-23-2022 @ 13:59:35 - Row :14 - Parsing item.
12-23-2022 @ 13:59:35 - Importing as new product ID:43
12-23-2022 @ 13:59:35 - Row :14 - Processing item.
12-23-2022 @ 13:59:35 - Found simple product object. ID:43
12-23-2022 @ 13:59:36 - Setting Featured Image. URL:http://localhost/ecs/wp-includes/images/import/m190-wireless-mouse-charcoal-gallery-01.png
12-23-2022 @ 13:59:36 - Attachment ID:44
12-23-2022 @ 13:59:36 - Row :14 - Product imported successfully.
12-23-2022 @ 13:59:36 - Row :15 - Parsing item.
12-23-2022 @ 13:59:36 - Importing as new product ID:45
12-23-2022 @ 13:59:36 - Row :15 - Processing item.
12-23-2022 @ 13:59:36 - Found simple product object. ID:45
12-23-2022 @ 13:59:36 - Setting Featured Image. URL:http://localhost/ecs/wp-includes/images/import/m720-gallery-1a.png
12-23-2022 @ 13:59:37 - Attachment ID:46
12-23-2022 @ 13:59:37 - Row :15 - Product imported successfully.
12-23-2022 @ 13:59:37 - Row :16 - Parsing item.
12-23-2022 @ 13:59:37 - Importing as new product ID:47
12-23-2022 @ 13:59:37 - Row :16 - Processing item.
12-23-2022 @ 13:59:37 - Found simple product object. ID:47
12-23-2022 @ 13:59:37 - Setting Featured Image. URL:http://localhost/ecs/wp-includes/images/import/logitech-mouse-pad-studio-series-typing-view-blue-grey.png
12-23-2022 @ 13:59:38 - Attachment ID:48
12-23-2022 @ 13:59:38 - Row :16 - Product imported successfully.
12-23-2022 @ 13:59:38 - Row :17 - Parsing item.
12-23-2022 @ 13:59:38 - Importing as new product ID:49
12-23-2022 @ 13:59:38 - Row :17 - Processing item.
12-23-2022 @ 13:59:38 - Found simple product object. ID:49
12-23-2022 @ 13:59:38 - Setting Featured Image. URL:http://localhost/ecs/wp-includes/images/import/logitech-desk-mat-studio-series-typing-view-mid-grey.png
12-23-2022 @ 13:59:39 - Attachment ID:50
12-23-2022 @ 13:59:39 - Row :17 - Product imported successfully.
12-23-2022 @ 13:59:39 - Row :18 - Parsing item.
12-23-2022 @ 13:59:39 - Importing as new product ID:51
12-23-2022 @ 13:59:39 - Row :18 - Processing item.
12-23-2022 @ 13:59:39 - Found simple product object. ID:51
12-23-2022 @ 13:59:39 - Setting Featured Image. URL:http://localhost/ecs/wp-includes/images/import/logi-usb-adapter-gallery-02.png
12-23-2022 @ 13:59:39 - Attachment ID:52
12-23-2022 @ 13:59:40 - Row :18 - Product imported successfully.
12-23-2022 @ 13:59:40 - Row :19 - Parsing item.
12-23-2022 @ 13:59:40 - Importing as new product ID:53
12-23-2022 @ 13:59:40 - Row :19 - Processing item.
12-23-2022 @ 13:59:40 - Found simple product object. ID:53
12-23-2022 @ 13:59:40 - Setting Featured Image. URL:http://localhost/ecs/wp-includes/images/import/logi-bolt-usb-receiver-gallery-01.png
12-23-2022 @ 13:59:40 - Attachment ID:54
12-23-2022 @ 13:59:41 - Row :19 - Product imported successfully.
12-23-2022 @ 13:59:41 - Row :20 - Parsing item.
12-23-2022 @ 13:59:41 - Importing as new product ID:55
12-23-2022 @ 13:59:41 - Row :20 - Processing item.
12-23-2022 @ 13:59:41 - Found simple product object. ID:55
12-23-2022 @ 13:59:41 - Setting Featured Image. URL:http://localhost/ecs/wp-includes/images/import/mk545-gallery-1.png
12-23-2022 @ 13:59:41 - Attachment ID:56
12-23-2022 @ 13:59:42 - Row :20 - Product imported successfully.
12-23-2022 @ 13:59:45 - Preparing for import.
12-23-2022 @ 13:59:45 - Row :21 - Parsing item.
12-23-2022 @ 13:59:45 - Importing as new product ID:57
12-23-2022 @ 13:59:45 - Row :21 - Processing item.
12-23-2022 @ 13:59:45 - Found simple product object. ID:57
12-23-2022 @ 13:59:45 - Setting Featured Image. URL:http://localhost/ecs/wp-includes/images/import/mk295-graphite-gallery-01-new.png
12-23-2022 @ 13:59:45 - Attachment ID:58
12-23-2022 @ 13:59:46 - Row :21 - Product imported successfully.
12-23-2022 @ 13:59:46 - Row :22 - Parsing item.
12-23-2022 @ 13:59:46 - Importing as new product ID:59
12-23-2022 @ 13:59:46 - Row :22 - Processing item.
12-23-2022 @ 13:59:46 - Found simple product object. ID:59
12-23-2022 @ 13:59:46 - Setting Featured Image. URL:http://localhost/ecs/wp-includes/images/import/mk345-gallery-1-new.png
12-23-2022 @ 13:59:46 - Attachment ID:60
12-23-2022 @ 13:59:47 - Row :22 - Product imported successfully.
12-23-2022 @ 13:59:47 - Row :23 - Parsing item.
12-23-2022 @ 13:59:47 - Importing as new product ID:61
12-23-2022 @ 13:59:47 - Row :23 - Processing item.
12-23-2022 @ 13:59:47 - Found simple product object. ID:61
12-23-2022 @ 13:59:47 - Setting Featured Image. URL:http://localhost/ecs/wp-includes/images/import/mk235-gallery-01-new.png
12-23-2022 @ 13:59:47 - Attachment ID:62
12-23-2022 @ 13:59:47 - Row :23 - Product imported successfully.
12-23-2022 @ 13:59:47 - Row :24 - Parsing item.
12-23-2022 @ 13:59:47 - Importing as new product ID:63
12-23-2022 @ 13:59:47 - Row :24 - Processing item.
12-23-2022 @ 13:59:47 - Found simple product object. ID:63
12-23-2022 @ 13:59:47 - Setting Featured Image. URL:http://localhost/ecs/wp-includes/images/import/mk200-gallery-01-new.png
12-23-2022 @ 13:59:48 - Attachment ID:64
12-23-2022 @ 13:59:48 - Row :24 - Product imported successfully.
12-23-2022 @ 13:59:48 - Row :25 - Parsing item.
12-23-2022 @ 13:59:48 - Importing as new product ID:65
12-23-2022 @ 13:59:48 - Row :25 - Processing item.
12-23-2022 @ 13:59:48 - Found simple product object. ID:65
12-23-2022 @ 13:59:48 - Setting Featured Image. URL:http://localhost/ecs/wp-includes/images/import/zone-vibe-100-gallery-white-1.png
12-23-2022 @ 13:59:49 - Attachment ID:66
12-23-2022 @ 13:59:49 - Row :25 - Product imported successfully.
12-23-2022 @ 13:59:49 - Row :26 - Parsing item.
12-23-2022 @ 13:59:49 - Importing as new product ID:67
12-23-2022 @ 13:59:49 - Row :26 - Processing item.
12-23-2022 @ 13:59:49 - Found simple product object. ID:67
12-23-2022 @ 13:59:49 - Setting Featured Image. URL:http://localhost/ecs/wp-includes/images/import/h390-gallery-01.png
12-23-2022 @ 13:59:50 - Attachment ID:68
12-23-2022 @ 13:59:50 - Row :26 - Product imported successfully.
12-23-2022 @ 13:59:50 - Row :27 - Parsing item.
12-23-2022 @ 13:59:50 - Importing as new product ID:69
12-23-2022 @ 13:59:50 - Row :27 - Processing item.
12-23-2022 @ 13:59:50 - Found simple product object. ID:69
12-23-2022 @ 13:59:50 - Setting Featured Image. URL:http://localhost/ecs/wp-includes/images/import/z407-gallery-01.png
12-23-2022 @ 13:59:51 - Attachment ID:70
12-23-2022 @ 13:59:51 - Row :27 - Product imported successfully.
12-23-2022 @ 13:59:51 - Row :28 - Parsing item.
12-23-2022 @ 13:59:51 - Importing as new product ID:71
12-23-2022 @ 13:59:51 - Row :28 - Processing item.
12-23-2022 @ 13:59:51 - Found simple product object. ID:71
12-23-2022 @ 13:59:51 - Setting Featured Image. URL:http://localhost/ecs/wp-includes/images/import/z607-gallery-3.png
12-23-2022 @ 13:59:52 - Attachment ID:72
12-23-2022 @ 13:59:52 - Row :28 - Product imported successfully.
12-23-2022 @ 13:59:52 - Row :29 - Parsing item.
12-23-2022 @ 13:59:52 - Importing as new product ID:73
12-23-2022 @ 13:59:52 - Row :29 - Processing item.
12-23-2022 @ 13:59:52 - Found simple product object. ID:73
12-23-2022 @ 13:59:52 - Setting Featured Image. URL:http://localhost/ecs/wp-includes/images/import/us-mx-keys-for-mac-gallery-front.png
12-23-2022 @ 13:59:53 - Attachment ID:74
12-23-2022 @ 13:59:53 - Row :29 - Product imported successfully.
12-23-2022 @ 13:59:53 - Row :30 - Parsing item.
12-23-2022 @ 13:59:53 - Importing as new product ID:75
12-23-2022 @ 13:59:53 - Row :30 - Processing item.
12-23-2022 @ 13:59:53 - Found simple product object. ID:75
12-23-2022 @ 13:59:53 - Setting Featured Image. URL:http://localhost/ecs/wp-includes/images/import/k650-top-graphite-us.png
12-23-2022 @ 13:59:54 - Attachment ID:76
12-23-2022 @ 13:59:54 - Row :30 - Product imported successfully.
12-23-2022 @ 13:59:58 - Preparing for import.
12-23-2022 @ 13:59:58 - Row :31 - Parsing item.
12-23-2022 @ 13:59:59 - Importing as new product ID:77
12-23-2022 @ 13:59:59 - Row :31 - Processing item.
12-23-2022 @ 13:59:59 - Found simple product object. ID:77
12-23-2022 @ 13:59:59 - Setting Featured Image. URL:http://localhost/ecs/wp-includes/images/import/mx-mechanical-keyboard-top-view-graphite-us.png
12-23-2022 @ 13:59:59 - Attachment ID:78
12-23-2022 @ 13:59:59 - Row :31 - Product imported successfully.
12-23-2022 @ 13:59:59 - Row :32 - Parsing item.
12-23-2022 @ 13:59:59 - Importing as new product ID:79
12-23-2022 @ 13:59:59 - Row :32 - Processing item.
12-23-2022 @ 13:59:59 - Found simple product object. ID:79
12-23-2022 @ 13:59:59 - Setting Featured Image. URL:http://localhost/ecs/wp-includes/images/import/k480-gallery-white-1-new.png
12-23-2022 @ 14:00:00 - Attachment ID:20
12-23-2022 @ 14:00:00 - Row :32 - Product imported successfully.
12-23-2022 @ 14:00:00 - Row :33 - Parsing item.
12-23-2022 @ 14:00:00 - Importing as new product ID:80
12-23-2022 @ 14:00:00 - Row :33 - Processing item.
12-23-2022 @ 14:00:00 - Found simple product object. ID:80
12-23-2022 @ 14:00:00 - Setting Featured Image. URL:http://localhost/ecs/wp-includes/images/import/k380-lavender-gallery-1-us.png
12-23-2022 @ 14:00:00 - Attachment ID:18
12-23-2022 @ 14:00:01 - Row :33 - Product imported successfully.
12-23-2022 @ 14:00:01 - Row :34 - Parsing item.
12-23-2022 @ 14:00:01 - Importing as new product ID:81
12-23-2022 @ 14:00:01 - Row :34 - Processing item.
12-23-2022 @ 14:00:01 - Found simple product object. ID:81
12-23-2022 @ 14:00:01 - Setting Featured Image. URL:http://localhost/ecs/wp-includes/images/import/us-mx-keys-for-mac-gallery-3-4-front-1.png
12-23-2022 @ 14:00:01 - Attachment ID:82
12-23-2022 @ 14:00:02 - Row :34 - Product imported successfully.
12-23-2022 @ 14:00:02 - Row :35 - Parsing item.
12-23-2022 @ 14:00:02 - Importing as new product ID:83
12-23-2022 @ 14:00:02 - Row :35 - Processing item.
12-23-2022 @ 14:00:02 - Found simple product object. ID:83
12-23-2022 @ 14:00:02 - Setting Featured Image. URL:http://localhost/ecs/wp-includes/images/import/keys-to-go-gallery-stone-01-new.png
12-23-2022 @ 14:00:02 - Attachment ID:84
12-23-2022 @ 14:00:03 - Row :35 - Product imported successfully.
12-23-2022 @ 14:00:03 - Row :36 - Parsing item.
12-23-2022 @ 14:00:03 - Importing as new product ID:85
12-23-2022 @ 14:00:03 - Row :36 - Processing item.
12-23-2022 @ 14:00:03 - Found simple product object. ID:85
12-23-2022 @ 14:00:03 - Setting Featured Image. URL:http://localhost/ecs/wp-includes/images/import/us-mx-keys-for-mac-gallery-front.png
12-23-2022 @ 14:00:03 - Attachment ID:74
12-23-2022 @ 14:00:04 - Row :36 - Product imported successfully.
12-23-2022 @ 14:00:04 - Row :37 - Parsing item.
12-23-2022 @ 14:00:04 - Importing as new product ID:86
12-23-2022 @ 14:00:04 - Row :37 - Processing item.
12-23-2022 @ 14:00:04 - Found simple product object. ID:86
12-23-2022 @ 14:00:04 - Setting Featured Image. URL:http://localhost/ecs/wp-includes/images/import/k350-gallery-1-v3-new.png
12-23-2022 @ 14:00:05 - Attachment ID:87
12-23-2022 @ 14:00:05 - Row :37 - Product imported successfully.
12-23-2022 @ 14:00:05 - Row :38 - Parsing item.
12-23-2022 @ 14:00:05 - Importing as new product ID:88
12-23-2022 @ 14:00:05 - Row :38 - Processing item.
12-23-2022 @ 14:00:05 - Found simple product object. ID:88
12-23-2022 @ 14:00:05 - Setting Featured Image. URL:http://localhost/ecs/wp-includes/images/import/ergo-k860-gallery-04.png
12-23-2022 @ 14:00:05 - Attachment ID:89
12-23-2022 @ 14:00:06 - Row :38 - Product imported successfully.
12-23-2022 @ 14:00:06 - Row :39 - Parsing item.
12-23-2022 @ 14:00:06 - Importing as new product ID:90
12-23-2022 @ 14:00:06 - Row :39 - Processing item.
12-23-2022 @ 14:00:06 - Found simple product object. ID:90
12-23-2022 @ 14:00:06 - Setting Featured Image. URL:http://localhost/ecs/wp-includes/images/import/k580-gallery-1-new.png
12-23-2022 @ 14:00:06 - Attachment ID:91
12-23-2022 @ 14:00:07 - Row :39 - Product imported successfully.
12-23-2022 @ 14:00:07 - Row :40 - Parsing item.
12-23-2022 @ 14:00:07 - Importing as new product ID:92
12-23-2022 @ 14:00:07 - Row :40 - Processing item.
12-23-2022 @ 14:00:07 - Found simple product object. ID:92
12-23-2022 @ 14:00:07 - Setting Featured Image. URL:http://localhost/ecs/wp-includes/images/import/k845-gallery-1-new.png
12-23-2022 @ 14:00:07 - Attachment ID:93
12-23-2022 @ 14:00:08 - Row :40 - Product imported successfully.
12-23-2022 @ 14:00:11 - Preparing for import.
12-23-2022 @ 14:00:11 - Row :41 - Parsing item.
12-23-2022 @ 14:00:11 - Importing as new product ID:94
12-23-2022 @ 14:00:11 - Row :41 - Processing item.
12-23-2022 @ 14:00:11 - Found simple product object. ID:94
12-23-2022 @ 14:00:11 - Setting Featured Image. URL:http://localhost/ecs/wp-includes/images/import/k600-gallery-anz-wide-1.png
12-23-2022 @ 14:00:12 - Attachment ID:95
12-23-2022 @ 14:00:12 - Row :41 - Product imported successfully.
12-23-2022 @ 14:00:12 - Row :42 - Parsing item.
12-23-2022 @ 14:00:12 - Importing as new product ID:96
12-23-2022 @ 14:00:12 - Row :42 - Processing item.
12-23-2022 @ 14:00:12 - Found simple product object. ID:96
12-23-2022 @ 14:00:12 - Setting Featured Image. URL:http://localhost/ecs/wp-includes/images/import/craft-gallery-top-new.png
12-23-2022 @ 14:00:13 - Attachment ID:97
12-23-2022 @ 14:00:13 - Row :42 - Product imported successfully.
12-23-2022 @ 14:00:13 - Row :43 - Parsing item.
12-23-2022 @ 14:00:13 - Importing as new product ID:98
12-23-2022 @ 14:00:13 - Row :43 - Processing item.
12-23-2022 @ 14:00:13 - Found simple product object. ID:98
12-23-2022 @ 14:00:13 - Setting Featured Image. URL:http://localhost/ecs/wp-includes/images/import/k120-gallery-01-new.png
12-23-2022 @ 14:00:13 - Attachment ID:99
12-23-2022 @ 14:00:14 - Row :43 - Product imported successfully.
12-23-2022 @ 14:00:14 - Row :44 - Parsing item.
12-23-2022 @ 14:00:14 - Importing as new product ID:100
12-23-2022 @ 14:00:14 - Row :44 - Processing item.
12-23-2022 @ 14:00:14 - Found simple product object. ID:100
12-23-2022 @ 14:00:14 - Setting Featured Image. URL:http://localhost/ecs/wp-includes/images/import/brio-500-gallery-offwhite-1.png
12-23-2022 @ 14:00:14 - Attachment ID:101
12-23-2022 @ 14:00:15 - Row :44 - Product imported successfully.
12-23-2022 @ 14:00:15 - Row :45 - Parsing item.
12-23-2022 @ 14:00:15 - Importing as new product ID:102
12-23-2022 @ 14:00:15 - Row :45 - Processing item.
12-23-2022 @ 14:00:15 - Found simple product object. ID:102
12-23-2022 @ 14:00:15 - Setting Featured Image. URL:http://localhost/ecs/wp-includes/images/import/c930s-pro-webcam-gallery-front.png
12-23-2022 @ 14:00:15 - Attachment ID:103
12-23-2022 @ 14:00:16 - Row :45 - Product imported successfully.
12-23-2022 @ 14:00:16 - Row :46 - Parsing item.
12-23-2022 @ 14:00:16 - Importing as new product ID:104
12-23-2022 @ 14:00:16 - Row :46 - Processing item.
12-23-2022 @ 14:00:16 - Found simple product object. ID:104
12-23-2022 @ 14:00:16 - Setting Featured Image. URL:http://localhost/ecs/wp-includes/images/import/streamcam-gallery-1-graphite.png
12-23-2022 @ 14:00:17 - Attachment ID:105
12-23-2022 @ 14:00:17 - Row :46 - Product imported successfully.
12-23-2022 @ 14:00:17 - Row :47 - Parsing item.
12-23-2022 @ 14:00:17 - Importing as new product ID:106
12-23-2022 @ 14:00:17 - Row :47 - Processing item.
12-23-2022 @ 14:00:17 - Found simple product object. ID:106
12-23-2022 @ 14:00:17 - Setting Featured Image. URL:http://localhost/ecs/wp-includes/images/import/brio-gallery-2.png
12-23-2022 @ 14:00:18 - Attachment ID:107
12-23-2022 @ 14:00:18 - Row :47 - Product imported successfully.
12-23-2022 @ 14:00:18 - Row :48 - Parsing item.
12-23-2022 @ 14:00:18 - Importing as new product ID:108
12-23-2022 @ 14:00:18 - Row :48 - Processing item.
12-23-2022 @ 14:00:18 - Found simple product object. ID:108
12-23-2022 @ 14:00:18 - Setting Featured Image. URL:http://localhost/ecs/wp-includes/images/import/c310-gallery-1.png
12-23-2022 @ 14:00:19 - Attachment ID:109
12-23-2022 @ 14:00:19 - Row :48 - Product imported successfully.
12-23-2022 @ 14:00:19 - Row :49 - Parsing item.
12-23-2022 @ 14:00:19 - Importing as new product ID:110
12-23-2022 @ 14:00:19 - Row :49 - Processing item.
12-23-2022 @ 14:00:19 - Found simple product object. ID:110
12-23-2022 @ 14:00:19 - Setting Featured Image. URL:http://localhost/ecs/wp-includes/images/import/k360-gallery-4-new.png
12-23-2022 @ 14:00:19 - Attachment ID:111
12-23-2022 @ 14:00:20 - Row :49 - Product imported successfully.
12-23-2022 @ 14:00:20 - Row :50 - Parsing item.
12-23-2022 @ 14:00:20 - Importing as new product ID:112
12-23-2022 @ 14:00:20 - Row :50 - Processing item.
12-23-2022 @ 14:00:20 - Found simple product object. ID:112
12-23-2022 @ 14:00:20 - Setting Featured Image. URL:http://localhost/ecs/wp-includes/images/import/k750-gallery-2-new.png
12-23-2022 @ 14:00:20 - Attachment ID:113
12-23-2022 @ 14:00:21 - Row :50 - Product imported successfully.
12-23-2022 @ 14:00:24 - Preparing for import.
12-23-2022 @ 14:00:24 - Row :51 - Parsing item.
12-23-2022 @ 14:00:24 - Importing as new product ID:114
12-23-2022 @ 14:00:24 - Row :51 - Processing item.
12-23-2022 @ 14:00:24 - Found simple product object. ID:114
12-23-2022 @ 14:00:24 - Setting Featured Image. URL:http://localhost/ecs/wp-includes/images/import/usb-gallery-02.png
12-23-2022 @ 14:00:24 - Attachment ID:115
12-23-2022 @ 14:00:25 - Row :51 - Product imported successfully.
12-23-2022 @ 14:00:25 - Row :52 - Parsing item.
12-23-2022 @ 14:00:25 - Importing as new product ID:116
12-23-2022 @ 14:00:25 - Row :52 - Processing item.
12-23-2022 @ 14:00:25 - Found simple product object. ID:116
12-23-2022 @ 14:00:25 - Setting Featured Image. URL:http://localhost/ecs/wp-includes/images/import/G715.png
12-23-2022 @ 14:00:25 - Attachment ID:117
12-23-2022 @ 14:00:26 - Row :52 - Product imported successfully.
12-23-2022 @ 14:00:26 - Row :53 - Parsing item.
12-23-2022 @ 14:00:26 - Importing as new product ID:118
12-23-2022 @ 14:00:26 - Row :53 - Processing item.
12-23-2022 @ 14:00:26 - Found simple product object. ID:118
12-23-2022 @ 14:00:26 - Setting Featured Image. URL:http://localhost/ecs/wp-includes/images/import/G735.png
12-23-2022 @ 14:00:26 - Attachment ID:119
12-23-2022 @ 14:00:27 - Row :53 - Product imported successfully.
12-23-2022 @ 14:00:27 - Row :54 - Parsing item.
12-23-2022 @ 14:00:27 - Importing as new product ID:120
12-23-2022 @ 14:00:27 - Row :54 - Processing item.
12-23-2022 @ 14:00:27 - Found simple product object. ID:120
12-23-2022 @ 14:00:27 - Setting Featured Image. URL:http://localhost/ecs/wp-includes/images/import/G705.png
12-23-2022 @ 14:00:27 - Attachment ID:121
12-23-2022 @ 14:00:28 - Row :54 - Product imported successfully.
12-23-2022 @ 14:00:28 - Row :55 - Parsing item.
12-23-2022 @ 14:00:28 - Importing as new product ID:122
12-23-2022 @ 14:00:28 - Row :55 - Processing item.
12-23-2022 @ 14:00:28 - Found simple product object. ID:122
12-23-2022 @ 14:00:28 - Setting Featured Image. URL:http://localhost/ecs/wp-includes/images/import/aurora-edition.png
12-23-2022 @ 14:00:29 - Attachment ID:123
12-23-2022 @ 14:00:29 - Row :55 - Product imported successfully.
12-23-2022 @ 14:00:29 - Row :56 - Parsing item.
12-23-2022 @ 14:00:29 - Importing as new product ID:124
12-23-2022 @ 14:00:29 - Row :56 - Processing item.
12-23-2022 @ 14:00:29 - Found simple product object. ID:124
12-23-2022 @ 14:00:29 - Setting Featured Image. URL:http://localhost/ecs/wp-includes/images/import/Pro-keyboard.png
12-23-2022 @ 14:00:31 - Attachment ID:125
12-23-2022 @ 14:00:31 - Row :56 - Product imported successfully.
12-23-2022 @ 14:00:31 - Row :57 - Parsing item.
12-23-2022 @ 14:00:31 - Importing as new product ID:126
12-23-2022 @ 14:00:31 - Row :57 - Processing item.
12-23-2022 @ 14:00:31 - Found simple product object. ID:126
12-23-2022 @ 14:00:31 - Setting Featured Image. URL:http://localhost/ecs/wp-includes/images/import/pro-headset.png
12-23-2022 @ 14:00:32 - Attachment ID:127
12-23-2022 @ 14:00:32 - Row :57 - Product imported successfully.
12-23-2022 @ 14:00:32 - Row :58 - Parsing item.
12-23-2022 @ 14:00:32 - Importing as new product ID:128
12-23-2022 @ 14:00:32 - Row :58 - Processing item.
12-23-2022 @ 14:00:32 - Found simple product object. ID:128
12-23-2022 @ 14:00:32 - Setting Featured Image. URL:http://localhost/ecs/wp-includes/images/import/pro-mouse.png
12-23-2022 @ 14:00:33 - Attachment ID:129
12-23-2022 @ 14:00:33 - Row :58 - Product imported successfully.
12-23-2022 @ 14:00:33 - Row :59 - Parsing item.
12-23-2022 @ 14:00:33 - Importing as new product ID:130
12-23-2022 @ 14:00:33 - Row :59 - Processing item.
12-23-2022 @ 14:00:33 - Found simple product object. ID:130
12-23-2022 @ 14:00:33 - Setting Featured Image. URL:http://localhost/ecs/wp-includes/images/import/Lol-edition.png
12-23-2022 @ 14:00:34 - Attachment ID:131
12-23-2022 @ 14:00:35 - Row :59 - Product imported successfully.
12-23-2022 @ 14:00:35 - ---[ Import ended at 2022-12-23 14:00:35]---
